<?xml version="1.0" encoding="UTF-8"?>
<!-- Generated by org.testng.reporters.JUnitReportReporter -->
<testsuite hostname="DESKTOP-98O5IH4" failures="0" tests="3" name="testClasses.HomePageTestClass" time="0.002" errors="0" timestamp="2024-12-19T20:28:56 IST" skipped="3">
  <testcase classname="testClasses.HomePageTestClass" name="verifyTheToolTipCalculatorIsShowingWhileHoveringTheMouseOnCalculator" time="0.001">
    <skipped/>
  </testcase> <!-- verifyTheToolTipCalculatorIsShowingWhileHoveringTheMouseOnCalculator -->
  <testcase classname="testClasses.HomePageTestClass" name="verifyAllTilesDisplayedOnHomePage" time="0.001">
    <skipped/>
  </testcase> <!-- verifyAllTilesDisplayedOnHomePage -->
  <testcase classname="testClasses.HomePageTestClass" name="verifySuccessfulSignOut" time="0.000">
    <skipped/>
  </testcase> <!-- verifySuccessfulSignOut -->
</testsuite> <!-- testClasses.HomePageTestClass -->
