<?xml version="1.0" encoding="UTF-8"?>
<!-- Generated by org.testng.reporters.JUnitReportReporter -->
<testsuite hostname="DESKTOP-98O5IH4" failures="0" tests="7" name="testClasses.LoginPageTestClass" time="0.001" errors="0" timestamp="2024-12-19T20:28:56 IST" skipped="7">
  <testcase classname="testClasses.LoginPageTestClass" name="verifyTheExactURL_OpensWhileHittingTheBaseURL" time="0.000">
    <skipped/>
  </testcase> <!-- verifyTheExactURL_OpensWhileHittingTheBaseURL -->
  <testcase classname="testClasses.LoginPageTestClass" name="verifyRememberMeCheckBoxIsSelectedByDefault" time="0.000">
    <skipped/>
  </testcase> <!-- verifyRememberMeCheckBoxIsSelectedByDefault -->
  <testcase classname="testClasses.LoginPageTestClass" name="verifyUnsuccessfullLogin" time="0.000">
    <skipped/>
  </testcase> <!-- verifyUnsuccessfullLogin -->
  <testcase classname="testClasses.LoginPageTestClass" name="verifyUnsuccessfullLogin" time="0.000">
    <skipped/>
  </testcase> <!-- verifyUnsuccessfullLogin -->
  <testcase classname="testClasses.LoginPageTestClass" name="verifyUnsuccessfullLogin" time="0.000">
    <skipped/>
  </testcase> <!-- verifyUnsuccessfullLogin -->
  <testcase classname="testClasses.LoginPageTestClass" name="verifySuccessfulLogin" time="0.001">
    <skipped/>
  </testcase> <!-- verifySuccessfulLogin -->
  <testcase classname="testClasses.LoginPageTestClass" name="verifyResetPasswordPageComingWhileClickingOnForgotYourPassword" time="0.000">
    <skipped/>
  </testcase> <!-- verifyResetPasswordPageComingWhileClickingOnForgotYourPassword -->
</testsuite> <!-- testClasses.LoginPageTestClass -->
