<?xml version="1.0" encoding="UTF-8"?>
<!-- Generated by org.testng.reporters.JUnitReportReporter -->
<testsuite hostname="DESKTOP-98O5IH4" failures="0" tests="3" name="testClasses.ProductListTestClass" time="0.000" errors="0" timestamp="2024-12-20T09:29:44 IST" skipped="3">
  <testcase classname="testClasses.ProductListTestClass" name="verifyTheListOfProductPageIsOpenedWhilwClickingOnListProducts" time="0.000">
    <skipped/>
  </testcase> <!-- verifyTheListOfProductPageIsOpenedWhilwClickingOnListProducts -->
  <testcase classname="testClasses.ProductListTestClass" name="verifyToDeleteTheAddedProduct" time="0.000">
    <skipped/>
  </testcase> <!-- verifyToDeleteTheAddedProduct -->
  <testcase classname="testClasses.ProductListTestClass" name="verifyToCreateAnewProduct" time="0.000">
    <skipped/>
  </testcase> <!-- verifyToCreateAnewProduct -->
</testsuite> <!-- testClasses.ProductListTestClass -->
